
!!! Inicio dos testes
!!!      Construto sob teste: C:\Users\e1311354\Documents\Visual Studio 2010\Projects\BARALHO\Debug\BARALHO.exe
!!!      Script de teste:     TesteBaralho.script

!!!    0  Linha:     1  // Script:    TestePilhaDeCartas.script 
!!!    0  Linha:     2  // Autor:     Eric Grinstein 
!!!    0  Linha:     3  //			  Jordana Mecler 
!!!    0  Linha:     4  //			  Leonardo Wajnsztok 
!!!    0  Linha:     5  // Propósito: Testar o módulo 
!!!    0  Linha:     6  //			  Baralho de Cartas. 
!!!    0  Linha:     7  // 
    9  == Criar baralho numero 0
   12  == Pop Ás de paus, baralho vazio.
   15  == Preencher baralho com 1 naipe
   18  == Destruir baralho 0
!!!    0  Linha:    21  // fim 

!!! Número de linhas lidas:          21
!!! Número de casos de teste:         4
!!! Número comandos corretos:         3
!!! Número de falhas encontradas:     0

!!! Não foram encontrados problemas


!!! Numero de espacos ainda alocados: 0
