C:\USERS\E1311354\DOCUMENTS\VISUAL STUDIO 2010\PROJECTS\MODULAR\DEBUG\MODULAR.EXE
C:\USERS\E1311354\DOCUMENTS\VISUAL STUDIO 2010\PROJECTS\MODULAR\DEBUG\MODULAR.ILK
C:\USERS\E1311354\DOCUMENTS\VISUAL STUDIO 2010\PROJECTS\MODULAR\DEBUG\MODULAR.PDB
C:\USERS\E1311354\DOCUMENTS\VISUAL STUDIO 2010\PROJECTS\MODULAR\MODULAR\DEBUG\BARALHO.OBJ
C:\USERS\E1311354\DOCUMENTS\VISUAL STUDIO 2010\PROJECTS\MODULAR\MODULAR\DEBUG\CARTA.OBJ
C:\Users\e1311354\Documents\Visual Studio 2010\Projects\MODULAR\MODULAR\Debug\cl.command.1.tlog
C:\Users\e1311354\Documents\Visual Studio 2010\Projects\MODULAR\MODULAR\Debug\CL.read.1.tlog
C:\Users\e1311354\Documents\Visual Studio 2010\Projects\MODULAR\MODULAR\Debug\CL.write.1.tlog
C:\Users\e1311354\Documents\Visual Studio 2010\Projects\MODULAR\MODULAR\Debug\link.964.read.1.tlog
C:\Users\e1311354\Documents\Visual Studio 2010\Projects\MODULAR\MODULAR\Debug\link.964.write.1.tlog
C:\Users\e1311354\Documents\Visual Studio 2010\Projects\MODULAR\MODULAR\Debug\link.964-cvtres.read.1.tlog
C:\Users\e1311354\Documents\Visual Studio 2010\Projects\MODULAR\MODULAR\Debug\link.964-cvtres.write.1.tlog
C:\Users\e1311354\Documents\Visual Studio 2010\Projects\MODULAR\MODULAR\Debug\link.command.1.tlog
C:\Users\e1311354\Documents\Visual Studio 2010\Projects\MODULAR\MODULAR\Debug\link.read.1.tlog
C:\Users\e1311354\Documents\Visual Studio 2010\Projects\MODULAR\MODULAR\Debug\link.write.1.tlog
C:\Users\e1311354\Documents\Visual Studio 2010\Projects\MODULAR\MODULAR\Debug\link-cvtres.read.1.tlog
C:\Users\e1311354\Documents\Visual Studio 2010\Projects\MODULAR\MODULAR\Debug\link-cvtres.write.1.tlog
C:\USERS\E1311354\DOCUMENTS\VISUAL STUDIO 2010\PROJECTS\MODULAR\MODULAR\DEBUG\LISTA.OBJ
C:\USERS\E1311354\DOCUMENTS\VISUAL STUDIO 2010\PROJECTS\MODULAR\MODULAR\DEBUG\MODULAR.EXE.EMBED.MANIFEST
C:\USERS\E1311354\DOCUMENTS\VISUAL STUDIO 2010\PROJECTS\MODULAR\MODULAR\DEBUG\MODULAR.EXE.EMBED.MANIFEST.RES
C:\USERS\E1311354\DOCUMENTS\VISUAL STUDIO 2010\PROJECTS\MODULAR\MODULAR\DEBUG\MODULAR.EXE.INTERMEDIATE.MANIFEST
C:\Users\e1311354\Documents\Visual Studio 2010\Projects\MODULAR\MODULAR\Debug\MODULAR.vcxprojResolveAssemblyReference.cache
C:\Users\e1311354\Documents\Visual Studio 2010\Projects\MODULAR\MODULAR\Debug\MODULAR.write.1.tlog
C:\Users\e1311354\Documents\Visual Studio 2010\Projects\MODULAR\MODULAR\Debug\MODULAR_manifest.rc
C:\USERS\E1311354\DOCUMENTS\VISUAL STUDIO 2010\PROJECTS\MODULAR\MODULAR\DEBUG\MONTE.OBJ
C:\Users\e1311354\Documents\Visual Studio 2010\Projects\MODULAR\MODULAR\Debug\mt.command.1.tlog
C:\Users\e1311354\Documents\Visual Studio 2010\Projects\MODULAR\MODULAR\Debug\mt.read.1.tlog
C:\Users\e1311354\Documents\Visual Studio 2010\Projects\MODULAR\MODULAR\Debug\mt.write.1.tlog
C:\USERS\E1311354\DOCUMENTS\VISUAL STUDIO 2010\PROJECTS\MODULAR\MODULAR\DEBUG\PILHA_DE_CARTAS.OBJ
C:\USERS\E1311354\DOCUMENTS\VISUAL STUDIO 2010\PROJECTS\MODULAR\MODULAR\DEBUG\PRINCIPAL.OBJ
C:\Users\e1311354\Documents\Visual Studio 2010\Projects\MODULAR\MODULAR\Debug\rc.command.1.tlog
C:\Users\e1311354\Documents\Visual Studio 2010\Projects\MODULAR\MODULAR\Debug\rc.read.1.tlog
C:\Users\e1311354\Documents\Visual Studio 2010\Projects\MODULAR\MODULAR\Debug\rc.write.1.tlog
C:\USERS\E1311354\DOCUMENTS\VISUAL STUDIO 2010\PROJECTS\MODULAR\MODULAR\DEBUG\SEQFIM.OBJ
C:\USERS\E1311354\DOCUMENTS\VISUAL STUDIO 2010\PROJECTS\MODULAR\MODULAR\DEBUG\SEQJOGO.OBJ
C:\Users\e1311354\Documents\Visual Studio 2010\Projects\MODULAR\MODULAR\Debug\vc100.idb
C:\USERS\E1311354\DOCUMENTS\VISUAL STUDIO 2010\PROJECTS\MODULAR\MODULAR\DEBUG\VC100.PDB
