Build started 22/05/2015 18:38:31.
     1>Project "C:\Users\e1311354\Documents\Visual Studio 2010\Projects\MODULAR\MODULAR\MODULAR.vcxproj" on node 2 (build target(s)).
     1>InitializeBuildStatus:
         Creating "Debug\MODULAR.unsuccessfulbuild" because "AlwaysCreate" was specified.
       ClCompile:
         c:\Program Files (x86)\Microsoft Visual Studio 10.0\VC\bin\CL.exe /c /ZI /nologo /W3 /WX- /Od /Oy- /D WIN32 /D _DEBUG /D _CONSOLE /D _UNICODE /D UNICODE /Gm /EHsc /RTC1 /MDd /GS /fp:precise /Zc:wchar_t /Zc:forScope /Fo"Debug\\" /Fd"Debug\vc100.pdb" /Gd /TC /analyze- /errorReport:prompt PRINCIPAL.c
         PRINCIPAL.c
     1>c:\users\e1311354\documents\visual studio 2010\projects\modular\modular\principal.c(119): warning C4996: 'scanf': This function or variable may be unsafe. Consider using scanf_s instead. To disable deprecation, use _CRT_SECURE_NO_WARNINGS. See online help for details.
                 c:\program files (x86)\microsoft visual studio 10.0\vc\include\stdio.h(304) : see declaration of 'scanf'
     1>c:\users\e1311354\documents\visual studio 2010\projects\modular\modular\principal.c(125): warning C4996: 'scanf': This function or variable may be unsafe. Consider using scanf_s instead. To disable deprecation, use _CRT_SECURE_NO_WARNINGS. See online help for details.
                 c:\program files (x86)\microsoft visual studio 10.0\vc\include\stdio.h(304) : see declaration of 'scanf'
     1>c:\users\e1311354\documents\visual studio 2010\projects\modular\modular\principal.c(116): warning C4101: 'carta' : unreferenced local variable
     1>c:\users\e1311354\documents\visual studio 2010\projects\modular\modular\principal.c(174): warning C4996: 'scanf': This function or variable may be unsafe. Consider using scanf_s instead. To disable deprecation, use _CRT_SECURE_NO_WARNINGS. See online help for details.
                 c:\program files (x86)\microsoft visual studio 10.0\vc\include\stdio.h(304) : see declaration of 'scanf'
     1>c:\users\e1311354\documents\visual studio 2010\projects\modular\modular\principal.c(339): warning C4996: 'scanf': This function or variable may be unsafe. Consider using scanf_s instead. To disable deprecation, use _CRT_SECURE_NO_WARNINGS. See online help for details.
                 c:\program files (x86)\microsoft visual studio 10.0\vc\include\stdio.h(304) : see declaration of 'scanf'
     1>c:\users\e1311354\documents\visual studio 2010\projects\modular\modular\principal.c(343): warning C4996: 'scanf': This function or variable may be unsafe. Consider using scanf_s instead. To disable deprecation, use _CRT_SECURE_NO_WARNINGS. See online help for details.
                 c:\program files (x86)\microsoft visual studio 10.0\vc\include\stdio.h(304) : see declaration of 'scanf'
     1>c:\users\e1311354\documents\visual studio 2010\projects\modular\modular\principal.c(348): warning C4996: 'scanf': This function or variable may be unsafe. Consider using scanf_s instead. To disable deprecation, use _CRT_SECURE_NO_WARNINGS. See online help for details.
                 c:\program files (x86)\microsoft visual studio 10.0\vc\include\stdio.h(304) : see declaration of 'scanf'
     1>c:\users\e1311354\documents\visual studio 2010\projects\modular\modular\principal.c(358): warning C4996: 'scanf': This function or variable may be unsafe. Consider using scanf_s instead. To disable deprecation, use _CRT_SECURE_NO_WARNINGS. See online help for details.
                 c:\program files (x86)\microsoft visual studio 10.0\vc\include\stdio.h(304) : see declaration of 'scanf'
     1>c:\users\e1311354\documents\visual studio 2010\projects\modular\modular\principal.c(388): warning C4996: 'scanf': This function or variable may be unsafe. Consider using scanf_s instead. To disable deprecation, use _CRT_SECURE_NO_WARNINGS. See online help for details.
                 c:\program files (x86)\microsoft visual studio 10.0\vc\include\stdio.h(304) : see declaration of 'scanf'
     1>c:\users\e1311354\documents\visual studio 2010\projects\modular\modular\principal.c(333): warning C4101: 'retMoveMonte' : unreferenced local variable
     1>c:\users\e1311354\documents\visual studio 2010\projects\modular\modular\principal.c(265): warning C4700: uninitialized local variable 'ListaDeSeq' used
     1>c:\users\e1311354\documents\visual studio 2010\projects\modular\modular\principal.c(281): warning C4700: uninitialized local variable 'pilhaAux' used
       ManifestResourceCompile:
         All outputs are up-to-date.
       Link:
         c:\Program Files (x86)\Microsoft Visual Studio 10.0\VC\bin\link.exe /ERRORREPORT:PROMPT /OUT:"C:\Users\e1311354\Documents\Visual Studio 2010\Projects\MODULAR\Debug\MODULAR.exe" /INCREMENTAL /NOLOGO kernel32.lib user32.lib gdi32.lib winspool.lib comdlg32.lib advapi32.lib shell32.lib ole32.lib oleaut32.lib uuid.lib odbc32.lib odbccp32.lib /MANIFEST /ManifestFile:"Debug\MODULAR.exe.intermediate.manifest" /MANIFESTUAC:"level='asInvoker' uiAccess='false'" /DEBUG /PDB:"C:\Users\e1311354\Documents\Visual Studio 2010\Projects\MODULAR\Debug\MODULAR.pdb" /SUBSYSTEM:CONSOLE /TLBID:1 /DYNAMICBASE /NXCOMPAT /IMPLIB:"C:\Users\e1311354\Documents\Visual Studio 2010\Projects\MODULAR\Debug\MODULAR.lib" /MACHINE:X86 Debug\MODULAR.exe.embed.manifest.res
         Debug\BARALHO.obj
         Debug\CARTA.obj
         Debug\LISTA.obj
         Debug\MONTE.obj
         Debug\PILHA_DE_CARTAS.obj
         Debug\PRINCIPAL.obj
         Debug\SEQFIM.obj
         Debug\SEQJOGO.obj
       Manifest:
         C:\Program Files (x86)\Microsoft SDKs\Windows\v7.0A\bin\mt.exe /nologo /verbose /out:"Debug\MODULAR.exe.embed.manifest" /manifest Debug\MODULAR.exe.intermediate.manifest
         All outputs are up-to-date.
       LinkEmbedManifest:
         All outputs are up-to-date.
         MODULAR.vcxproj -> C:\Users\e1311354\Documents\Visual Studio 2010\Projects\MODULAR\Debug\MODULAR.exe
       FinalizeBuildStatus:
         Deleting file "Debug\MODULAR.unsuccessfulbuild".
         Touching "Debug\MODULAR.lastbuildstate".
     1>Done Building Project "C:\Users\e1311354\Documents\Visual Studio 2010\Projects\MODULAR\MODULAR\MODULAR.vcxproj" (build target(s)).

Build succeeded.

Time Elapsed 00:00:00.49
